mode: set
AvitoTask/internal/handlers/auth/handler.go:17.34,21.2 1 0
AvitoTask/internal/handlers/auth/handler.go:23.48,27.16 3 0
AvitoTask/internal/handlers/auth/handler.go:27.16,29.3 1 0
AvitoTask/internal/handlers/auth/handler.go:31.2,32.16 2 0
AvitoTask/internal/handlers/auth/handler.go:32.16,34.3 1 0
AvitoTask/internal/handlers/auth/handler.go:36.2,41.47 2 0
AvitoTask/internal/handlers/auth/handler.go:41.47,43.3 1 0
AvitoTask/internal/handlers/auth/handler.go:44.2,44.16 1 0
AvitoTask/internal/handlers/auth/handler.go:44.16,46.3 1 0
AvitoTask/internal/handlers/auth/handler.go:48.2,50.19 2 0
AvitoTask/internal/handlers/auth/model.go:17.53,19.43 2 0
AvitoTask/internal/handlers/auth/model.go:19.43,21.3 1 0
AvitoTask/internal/handlers/auth/model.go:23.2,23.95 1 0
AvitoTask/internal/handlers/auth/model.go:23.95,25.3 1 0
AvitoTask/internal/handlers/auth/model.go:27.2,27.36 1 0
AvitoTask/internal/config/config.go:42.20,47.2 1 0
AvitoTask/internal/config/config.go:49.36,51.14 2 0
AvitoTask/internal/config/config.go:51.14,53.3 1 0
AvitoTask/internal/config/config.go:55.2,55.16 1 0
AvitoTask/internal/config/config.go:55.16,57.3 1 0
AvitoTask/internal/config/config.go:59.2,59.47 1 0
AvitoTask/internal/config/config.go:59.47,60.47 1 0
AvitoTask/internal/config/config.go:63.2,65.55 2 0
AvitoTask/internal/config/config.go:65.55,66.49 1 0
AvitoTask/internal/config/config.go:69.2,69.12 1 0
AvitoTask/internal/config/config.go:72.67,75.16 3 0
AvitoTask/internal/config/config.go:75.16,76.34 1 0
AvitoTask/internal/config/config.go:79.2,79.13 1 0
AvitoTask/internal/config/config.go:82.31,89.15 4 0
AvitoTask/internal/config/config.go:89.15,91.3 1 0
AvitoTask/internal/config/config.go:93.2,93.12 1 0
AvitoTask/internal/config/config.go:96.30,98.2 1 0
AvitoTask/internal/config/config.go:100.36,114.2 5 0
AvitoTask/internal/config/config.go:116.54,118.16 2 0
AvitoTask/internal/config/config.go:118.16,120.3 1 0
AvitoTask/internal/config/config.go:120.8,122.3 1 0
AvitoTask/internal/config/config.go:123.2,125.16 3 0
AvitoTask/internal/config/config.go:125.16,127.3 1 0
AvitoTask/internal/config/config.go:128.2,128.30 1 0
AvitoTask/internal/config/config.go:128.30,129.42 1 0
AvitoTask/internal/config/config.go:129.42,131.4 1 0
AvitoTask/internal/config/config.go:132.3,132.46 1 0
AvitoTask/internal/config/config.go:135.2,135.12 1 0
AvitoTask/internal/handlers/info/handler.go:13.39,15.2 1 0
AvitoTask/internal/handlers/info/handler.go:17.46,19.9 2 0
AvitoTask/internal/handlers/info/handler.go:19.9,23.3 1 0
AvitoTask/internal/handlers/info/handler.go:25.2,26.16 2 0
AvitoTask/internal/handlers/info/handler.go:26.16,30.3 1 0
AvitoTask/internal/handlers/info/handler.go:32.2,32.87 1 0
AvitoTask/internal/handlers/info/model.go:31.95,41.41 2 0
AvitoTask/internal/handlers/info/model.go:41.41,46.3 1 0
AvitoTask/internal/handlers/info/model.go:48.2,48.43 1 0
AvitoTask/internal/handlers/info/model.go:48.43,49.10 1 0
AvitoTask/internal/handlers/info/model.go:50.37,54.6 1 0
AvitoTask/internal/handlers/info/model.go:56.39,60.6 1 0
AvitoTask/internal/handlers/info/model.go:64.2,64.12 1 0
AvitoTask/cmd/main.go:27.13,55.52 6 0
AvitoTask/cmd/main.go:55.52,56.13 1 0
AvitoTask/cmd/main.go:59.2,89.53 21 0
AvitoTask/cmd/main.go:89.53,90.25 1 0
AvitoTask/internal/handlers/buy_item/handler.go:17.35,21.2 1 0
AvitoTask/internal/handlers/buy_item/handler.go:23.48,25.9 2 0
AvitoTask/internal/handlers/buy_item/handler.go:25.9,29.3 1 0
AvitoTask/internal/handlers/buy_item/handler.go:31.2,32.16 2 0
AvitoTask/internal/handlers/buy_item/handler.go:32.16,36.3 1 0
AvitoTask/internal/handlers/buy_item/handler.go:38.2,39.9 2 0
AvitoTask/internal/handlers/buy_item/handler.go:39.9,43.3 1 0
AvitoTask/internal/handlers/buy_item/handler.go:45.2,46.48 2 0
AvitoTask/internal/handlers/buy_item/handler.go:46.48,50.3 1 0
AvitoTask/internal/handlers/buy_item/handler.go:51.2,51.16 1 0
AvitoTask/internal/handlers/buy_item/handler.go:51.16,55.3 1 0
AvitoTask/internal/handlers/buy_item/handler.go:57.2,57.53 1 0
AvitoTask/internal/handlers/send_coin/handler.go:16.36,20.2 1 0
AvitoTask/internal/handlers/send_coin/handler.go:22.48,24.9 2 0
AvitoTask/internal/handlers/send_coin/handler.go:24.9,28.3 1 0
AvitoTask/internal/handlers/send_coin/handler.go:30.2,31.45 2 0
AvitoTask/internal/handlers/send_coin/handler.go:31.45,35.3 1 0
AvitoTask/internal/handlers/send_coin/handler.go:37.2,37.38 1 0
AvitoTask/internal/handlers/send_coin/handler.go:37.38,41.3 1 0
AvitoTask/internal/handlers/send_coin/handler.go:43.2,44.90 2 0
AvitoTask/internal/handlers/send_coin/handler.go:44.90,48.3 1 0
AvitoTask/internal/handlers/send_coin/handler.go:49.2,49.16 1 0
AvitoTask/internal/handlers/send_coin/handler.go:49.16,53.3 1 0
AvitoTask/internal/handlers/send_coin/handler.go:55.2,55.53 1 0
AvitoTask/internal/handlers/send_coin/model.go:16.32,18.43 2 0
AvitoTask/internal/handlers/send_coin/model.go:18.43,20.3 1 0
AvitoTask/internal/handlers/send_coin/model.go:22.2,22.12 1 0
AvitoTask/internal/middleware/jwt/jwt.go:17.50,21.2 1 0
AvitoTask/internal/middleware/jwt/jwt.go:24.56,26.9 2 0
AvitoTask/internal/middleware/jwt/jwt.go:26.9,30.3 1 0
AvitoTask/internal/middleware/jwt/jwt.go:32.2,44.16 6 0
AvitoTask/internal/middleware/jwt/jwt.go:44.16,48.3 1 0
AvitoTask/internal/middleware/jwt/jwt.go:50.2,54.4 2 0
AvitoTask/internal/middleware/jwt/jwt.go:57.55,59.20 2 0
AvitoTask/internal/middleware/jwt/jwt.go:59.20,63.3 1 0
AvitoTask/internal/middleware/jwt/jwt.go:65.2,69.83 3 0
AvitoTask/internal/middleware/jwt/jwt.go:69.83,70.58 1 0
AvitoTask/internal/middleware/jwt/jwt.go:70.58,72.4 1 0
AvitoTask/internal/middleware/jwt/jwt.go:73.3,73.24 1 0
AvitoTask/internal/middleware/jwt/jwt.go:75.2,75.16 1 0
AvitoTask/internal/middleware/jwt/jwt.go:75.16,79.3 1 0
AvitoTask/internal/middleware/jwt/jwt.go:81.2,82.28 2 0
AvitoTask/internal/middleware/jwt/jwt.go:82.28,86.3 1 0
AvitoTask/internal/middleware/jwt/jwt.go:88.2,89.9 2 0
AvitoTask/internal/middleware/jwt/jwt.go:89.9,93.3 1 0
AvitoTask/internal/middleware/jwt/jwt.go:95.2,96.33 2 0
AvitoTask/internal/middleware/jwt/jwt.go:96.33,100.3 1 0
AvitoTask/internal/middleware/jwt/jwt.go:102.2,104.17 2 0
AvitoTask/internal/repository/transaction/transaction.go:18.52,20.2 1 0
AvitoTask/internal/repository/transaction/transaction.go:22.125,28.16 3 0
AvitoTask/internal/repository/transaction/transaction.go:28.16,30.3 1 0
AvitoTask/internal/repository/transaction/transaction.go:31.2,31.12 1 0
AvitoTask/internal/repository/transaction/transaction.go:34.123,44.35 3 0
AvitoTask/internal/repository/transaction/transaction.go:44.35,46.3 1 0
AvitoTask/internal/repository/transaction/transaction.go:47.2,47.16 1 0
AvitoTask/internal/repository/transaction/transaction.go:47.16,49.3 1 0
AvitoTask/internal/repository/transaction/transaction.go:50.2,53.18 3 0
AvitoTask/internal/repository/transaction/transaction.go:53.18,55.101 2 0
AvitoTask/internal/repository/transaction/transaction.go:55.101,57.4 1 0
AvitoTask/internal/repository/transaction/transaction.go:58.3,58.29 1 0
AvitoTask/internal/repository/transaction/transaction.go:61.2,61.35 1 0
AvitoTask/internal/repository/transaction/transaction.go:61.35,63.3 1 0
AvitoTask/internal/repository/transaction/transaction.go:65.2,65.20 1 0
AvitoTask/internal/repository/auth/mocks/mock.go:27.53,31.2 3 0
AvitoTask/internal/repository/auth/mocks/mock.go:34.51,36.2 1 0
AvitoTask/internal/repository/auth/mocks/mock.go:39.63,45.2 5 0
AvitoTask/internal/repository/auth/mocks/mock.go:48.69,51.2 2 0
AvitoTask/internal/repository/auth/mocks/mock.go:54.83,57.25 3 0
AvitoTask/internal/repository/auth/mocks/mock.go:57.25,59.3 1 0
AvitoTask/internal/repository/auth/mocks/mock.go:60.2,62.13 3 0
AvitoTask/internal/repository/auth/mocks/mock.go:66.98,70.2 3 0
AvitoTask/internal/repository/auth/mocks/mock_tx.go:28.49,32.2 3 0
AvitoTask/internal/repository/auth/mocks/mock_tx.go:35.47,37.2 1 0
AvitoTask/internal/repository/auth/mocks/mock_tx.go:40.62,46.2 5 0
AvitoTask/internal/repository/auth/mocks/mock_tx.go:49.68,52.2 2 0
AvitoTask/internal/repository/auth/mocks/mock_tx.go:55.53,60.2 4 0
AvitoTask/internal/repository/auth/mocks/mock_tx.go:63.69,66.2 2 0
AvitoTask/internal/repository/auth/mocks/mock_tx.go:69.35,74.2 4 0
AvitoTask/internal/repository/auth/mocks/mock_tx.go:77.51,80.2 2 0
AvitoTask/internal/repository/auth/mocks/mock_tx.go:83.125,89.2 5 0
AvitoTask/internal/repository/auth/mocks/mock_tx.go:92.89,95.2 2 0
AvitoTask/internal/repository/auth/mocks/mock_tx.go:98.106,101.25 3 0
AvitoTask/internal/repository/auth/mocks/mock_tx.go:101.25,103.3 1 0
AvitoTask/internal/repository/auth/mocks/mock_tx.go:104.2,107.19 4 0
AvitoTask/internal/repository/auth/mocks/mock_tx.go:111.94,115.2 3 0
AvitoTask/internal/repository/auth/mocks/mock_tx.go:118.50,123.2 4 0
AvitoTask/internal/repository/auth/mocks/mock_tx.go:126.59,129.2 2 0
AvitoTask/internal/repository/auth/mocks/mock_tx.go:132.105,138.2 5 0
AvitoTask/internal/repository/auth/mocks/mock_tx.go:141.82,144.2 2 0
AvitoTask/internal/repository/auth/mocks/mock_tx.go:147.98,150.25 3 0
AvitoTask/internal/repository/auth/mocks/mock_tx.go:150.25,152.3 1 0
AvitoTask/internal/repository/auth/mocks/mock_tx.go:153.2,156.19 4 0
AvitoTask/internal/repository/auth/mocks/mock_tx.go:160.95,164.2 3 0
AvitoTask/internal/repository/auth/mocks/mock_tx.go:167.91,170.25 3 0
AvitoTask/internal/repository/auth/mocks/mock_tx.go:170.25,172.3 1 0
AvitoTask/internal/repository/auth/mocks/mock_tx.go:173.2,175.13 3 0
AvitoTask/internal/repository/auth/mocks/mock_tx.go:179.98,183.2 3 0
AvitoTask/internal/repository/auth/mocks/mock_tx.go:186.55,191.2 4 0
AvitoTask/internal/repository/auth/mocks/mock_tx.go:194.71,197.2 2 0
AvitoTask/internal/repository/auth/mocks/mock_tx.go:200.84,205.2 4 0
AvitoTask/internal/repository/auth/mocks/mock_tx.go:208.78,211.2 2 0
AvitoTask/internal/usecase/auth/mocks/mock.go:27.57,31.2 3 0
AvitoTask/internal/usecase/auth/mocks/mock.go:34.55,36.2 1 0
AvitoTask/internal/usecase/auth/mocks/mock.go:39.93,45.2 5 0
AvitoTask/internal/usecase/auth/mocks/mock.go:48.87,51.2 2 0
AvitoTask/internal/usecase/auth/mocks/mock.go:54.88,60.2 5 0
AvitoTask/internal/usecase/auth/mocks/mock.go:63.82,66.2 2 0
AvitoTask/internal/usecase/auth/mocks/mock.go:69.88,75.2 5 0
AvitoTask/internal/usecase/auth/mocks/mock.go:78.84,81.2 2 0
AvitoTask/internal/usecase/buy_item/mocks/mock.go:28.53,32.2 3 0
AvitoTask/internal/usecase/buy_item/mocks/mock.go:35.51,37.2 1 0
AvitoTask/internal/usecase/buy_item/mocks/mock.go:40.65,46.2 5 0
AvitoTask/internal/usecase/buy_item/mocks/mock.go:49.71,52.2 2 0
AvitoTask/internal/usecase/buy_item/mocks/mock.go:55.100,61.2 5 0
AvitoTask/internal/usecase/buy_item/mocks/mock.go:64.87,67.2 2 0
AvitoTask/internal/usecase/buy_item/mocks/mock.go:70.108,76.2 5 0
AvitoTask/internal/usecase/buy_item/mocks/mock.go:79.95,82.2 2 0
AvitoTask/internal/usecase/buy_item/mocks/mock.go:85.95,91.2 5 0
AvitoTask/internal/usecase/buy_item/mocks/mock.go:94.88,97.2 2 0
AvitoTask/internal/usecase/buy_item/mocks/mock.go:100.86,106.2 5 0
AvitoTask/internal/usecase/buy_item/mocks/mock.go:109.82,112.2 2 0
AvitoTask/internal/usecase/buy_item/mocks/mock.go:115.105,120.2 4 0
AvitoTask/internal/usecase/buy_item/mocks/mock.go:123.101,126.2 2 0
AvitoTask/internal/usecase/buy_item/mocks/mock.go:140.63,144.2 3 0
AvitoTask/internal/usecase/buy_item/mocks/mock.go:147.61,149.2 1 0
AvitoTask/internal/usecase/buy_item/mocks/mock.go:152.114,158.2 5 0
AvitoTask/internal/usecase/buy_item/mocks/mock.go:161.107,164.2 2 0
AvitoTask/internal/usecase/buy_item/mocks/mock.go:167.112,172.2 4 0
AvitoTask/internal/usecase/buy_item/mocks/mock.go:175.114,178.2 2 0
AvitoTask/internal/usecase/buy_item/mocks/mock.go:181.127,186.2 4 0
AvitoTask/internal/usecase/buy_item/mocks/mock.go:189.123,192.2 2 0
AvitoTask/internal/usecase/buy_item/mocks/mock_tx.go:28.49,32.2 3 0
AvitoTask/internal/usecase/buy_item/mocks/mock_tx.go:35.47,37.2 1 0
AvitoTask/internal/usecase/buy_item/mocks/mock_tx.go:40.62,46.2 5 0
AvitoTask/internal/usecase/buy_item/mocks/mock_tx.go:49.68,52.2 2 0
AvitoTask/internal/usecase/buy_item/mocks/mock_tx.go:55.53,60.2 4 0
AvitoTask/internal/usecase/buy_item/mocks/mock_tx.go:63.69,66.2 2 0
AvitoTask/internal/usecase/buy_item/mocks/mock_tx.go:69.35,74.2 4 0
AvitoTask/internal/usecase/buy_item/mocks/mock_tx.go:77.51,80.2 2 0
AvitoTask/internal/usecase/buy_item/mocks/mock_tx.go:83.125,89.2 5 0
AvitoTask/internal/usecase/buy_item/mocks/mock_tx.go:92.89,95.2 2 0
AvitoTask/internal/usecase/buy_item/mocks/mock_tx.go:98.106,101.25 3 0
AvitoTask/internal/usecase/buy_item/mocks/mock_tx.go:101.25,103.3 1 0
AvitoTask/internal/usecase/buy_item/mocks/mock_tx.go:104.2,107.19 4 0
AvitoTask/internal/usecase/buy_item/mocks/mock_tx.go:111.94,115.2 3 0
AvitoTask/internal/usecase/buy_item/mocks/mock_tx.go:118.50,123.2 4 0
AvitoTask/internal/usecase/buy_item/mocks/mock_tx.go:126.59,129.2 2 0
AvitoTask/internal/usecase/buy_item/mocks/mock_tx.go:132.105,138.2 5 0
AvitoTask/internal/usecase/buy_item/mocks/mock_tx.go:141.82,144.2 2 0
AvitoTask/internal/usecase/buy_item/mocks/mock_tx.go:147.98,150.25 3 0
AvitoTask/internal/usecase/buy_item/mocks/mock_tx.go:150.25,152.3 1 0
AvitoTask/internal/usecase/buy_item/mocks/mock_tx.go:153.2,156.19 4 0
AvitoTask/internal/usecase/buy_item/mocks/mock_tx.go:160.95,164.2 3 0
AvitoTask/internal/usecase/buy_item/mocks/mock_tx.go:167.91,170.25 3 0
AvitoTask/internal/usecase/buy_item/mocks/mock_tx.go:170.25,172.3 1 0
AvitoTask/internal/usecase/buy_item/mocks/mock_tx.go:173.2,175.13 3 0
AvitoTask/internal/usecase/buy_item/mocks/mock_tx.go:179.98,183.2 3 0
AvitoTask/internal/usecase/buy_item/mocks/mock_tx.go:186.55,191.2 4 0
AvitoTask/internal/usecase/buy_item/mocks/mock_tx.go:194.71,197.2 2 0
AvitoTask/internal/usecase/buy_item/mocks/mock_tx.go:200.84,205.2 4 0
AvitoTask/internal/usecase/buy_item/mocks/mock_tx.go:208.78,211.2 2 0
AvitoTask/internal/usecase/info/mocks/mock.go:28.53,32.2 3 0
AvitoTask/internal/usecase/info/mocks/mock.go:35.51,37.2 1 0
AvitoTask/internal/usecase/info/mocks/mock.go:40.100,46.2 5 0
AvitoTask/internal/usecase/info/mocks/mock.go:49.87,52.2 2 0
AvitoTask/internal/usecase/info/mocks/mock.go:55.95,61.2 5 0
AvitoTask/internal/usecase/info/mocks/mock.go:64.88,67.2 2 0
AvitoTask/internal/usecase/info/mocks/mock.go:81.63,85.2 3 0
AvitoTask/internal/usecase/info/mocks/mock.go:88.61,90.2 1 0
AvitoTask/internal/usecase/info/mocks/mock.go:93.70,99.2 5 0
AvitoTask/internal/usecase/info/mocks/mock.go:102.76,105.2 2 0
AvitoTask/internal/usecase/info/mocks/mock.go:108.114,114.2 5 0
AvitoTask/internal/usecase/info/mocks/mock.go:117.107,120.2 2 0
AvitoTask/internal/usecase/info/mocks/mock.go:123.121,129.2 5 0
AvitoTask/internal/usecase/info/mocks/mock.go:132.97,135.2 2 0
AvitoTask/internal/usecase/info/mocks/mock.go:149.67,153.2 3 0
AvitoTask/internal/usecase/info/mocks/mock.go:156.65,158.2 1 0
AvitoTask/internal/usecase/info/mocks/mock.go:161.128,167.2 5 0
AvitoTask/internal/usecase/info/mocks/mock.go:170.102,173.2 2 0
AvitoTask/internal/usecase/info/mocks/mock_tx.go:28.49,32.2 3 0
AvitoTask/internal/usecase/info/mocks/mock_tx.go:35.47,37.2 1 0
AvitoTask/internal/usecase/info/mocks/mock_tx.go:40.62,46.2 5 0
AvitoTask/internal/usecase/info/mocks/mock_tx.go:49.68,52.2 2 0
AvitoTask/internal/usecase/info/mocks/mock_tx.go:55.53,60.2 4 0
AvitoTask/internal/usecase/info/mocks/mock_tx.go:63.69,66.2 2 0
AvitoTask/internal/usecase/info/mocks/mock_tx.go:69.35,74.2 4 0
AvitoTask/internal/usecase/info/mocks/mock_tx.go:77.51,80.2 2 0
AvitoTask/internal/usecase/info/mocks/mock_tx.go:83.125,89.2 5 0
AvitoTask/internal/usecase/info/mocks/mock_tx.go:92.89,95.2 2 0
AvitoTask/internal/usecase/info/mocks/mock_tx.go:98.106,101.25 3 0
AvitoTask/internal/usecase/info/mocks/mock_tx.go:101.25,103.3 1 0
AvitoTask/internal/usecase/info/mocks/mock_tx.go:104.2,107.19 4 0
AvitoTask/internal/usecase/info/mocks/mock_tx.go:111.94,115.2 3 0
AvitoTask/internal/usecase/info/mocks/mock_tx.go:118.50,123.2 4 0
AvitoTask/internal/usecase/info/mocks/mock_tx.go:126.59,129.2 2 0
AvitoTask/internal/usecase/info/mocks/mock_tx.go:132.105,138.2 5 0
AvitoTask/internal/usecase/info/mocks/mock_tx.go:141.82,144.2 2 0
AvitoTask/internal/usecase/info/mocks/mock_tx.go:147.98,150.25 3 0
AvitoTask/internal/usecase/info/mocks/mock_tx.go:150.25,152.3 1 0
AvitoTask/internal/usecase/info/mocks/mock_tx.go:153.2,156.19 4 0
AvitoTask/internal/usecase/info/mocks/mock_tx.go:160.95,164.2 3 0
AvitoTask/internal/usecase/info/mocks/mock_tx.go:167.91,170.25 3 0
AvitoTask/internal/usecase/info/mocks/mock_tx.go:170.25,172.3 1 0
AvitoTask/internal/usecase/info/mocks/mock_tx.go:173.2,175.13 3 0
AvitoTask/internal/usecase/info/mocks/mock_tx.go:179.98,183.2 3 0
AvitoTask/internal/usecase/info/mocks/mock_tx.go:186.55,191.2 4 0
AvitoTask/internal/usecase/info/mocks/mock_tx.go:194.71,197.2 2 0
AvitoTask/internal/usecase/info/mocks/mock_tx.go:200.84,205.2 4 0
AvitoTask/internal/usecase/info/mocks/mock_tx.go:208.78,211.2 2 0
AvitoTask/internal/usecase/send_coin/mocks/mock.go:28.53,32.2 3 0
AvitoTask/internal/usecase/send_coin/mocks/mock.go:35.51,37.2 1 0
AvitoTask/internal/usecase/send_coin/mocks/mock.go:40.65,46.2 5 0
AvitoTask/internal/usecase/send_coin/mocks/mock.go:49.71,52.2 2 0
AvitoTask/internal/usecase/send_coin/mocks/mock.go:55.100,61.2 5 0
AvitoTask/internal/usecase/send_coin/mocks/mock.go:64.87,67.2 2 0
AvitoTask/internal/usecase/send_coin/mocks/mock.go:70.108,76.2 5 0
AvitoTask/internal/usecase/send_coin/mocks/mock.go:79.95,82.2 2 0
AvitoTask/internal/usecase/send_coin/mocks/mock.go:85.86,91.2 5 0
AvitoTask/internal/usecase/send_coin/mocks/mock.go:94.82,97.2 2 0
AvitoTask/internal/usecase/send_coin/mocks/mock.go:100.105,105.2 4 0
AvitoTask/internal/usecase/send_coin/mocks/mock.go:108.101,111.2 2 0
AvitoTask/internal/usecase/send_coin/mocks/mock.go:125.67,129.2 3 0
AvitoTask/internal/usecase/send_coin/mocks/mock.go:132.65,134.2 1 0
AvitoTask/internal/usecase/send_coin/mocks/mock.go:137.130,142.2 4 0
AvitoTask/internal/usecase/send_coin/mocks/mock.go:145.126,148.2 2 0
AvitoTask/internal/usecase/send_coin/mocks/mock_tx.go:28.49,32.2 3 0
AvitoTask/internal/usecase/send_coin/mocks/mock_tx.go:35.47,37.2 1 0
AvitoTask/internal/usecase/send_coin/mocks/mock_tx.go:40.62,46.2 5 0
AvitoTask/internal/usecase/send_coin/mocks/mock_tx.go:49.68,52.2 2 0
AvitoTask/internal/usecase/send_coin/mocks/mock_tx.go:55.53,60.2 4 0
AvitoTask/internal/usecase/send_coin/mocks/mock_tx.go:63.69,66.2 2 0
AvitoTask/internal/usecase/send_coin/mocks/mock_tx.go:69.35,74.2 4 0
AvitoTask/internal/usecase/send_coin/mocks/mock_tx.go:77.51,80.2 2 0
AvitoTask/internal/usecase/send_coin/mocks/mock_tx.go:83.125,89.2 5 0
AvitoTask/internal/usecase/send_coin/mocks/mock_tx.go:92.89,95.2 2 0
AvitoTask/internal/usecase/send_coin/mocks/mock_tx.go:98.106,101.25 3 0
AvitoTask/internal/usecase/send_coin/mocks/mock_tx.go:101.25,103.3 1 0
AvitoTask/internal/usecase/send_coin/mocks/mock_tx.go:104.2,107.19 4 0
AvitoTask/internal/usecase/send_coin/mocks/mock_tx.go:111.94,115.2 3 0
AvitoTask/internal/usecase/send_coin/mocks/mock_tx.go:118.50,123.2 4 0
AvitoTask/internal/usecase/send_coin/mocks/mock_tx.go:126.59,129.2 2 0
AvitoTask/internal/usecase/send_coin/mocks/mock_tx.go:132.105,138.2 5 0
AvitoTask/internal/usecase/send_coin/mocks/mock_tx.go:141.82,144.2 2 0
AvitoTask/internal/usecase/send_coin/mocks/mock_tx.go:147.98,150.25 3 0
AvitoTask/internal/usecase/send_coin/mocks/mock_tx.go:150.25,152.3 1 0
AvitoTask/internal/usecase/send_coin/mocks/mock_tx.go:153.2,156.19 4 0
AvitoTask/internal/usecase/send_coin/mocks/mock_tx.go:160.95,164.2 3 0
AvitoTask/internal/usecase/send_coin/mocks/mock_tx.go:167.91,170.25 3 0
AvitoTask/internal/usecase/send_coin/mocks/mock_tx.go:170.25,172.3 1 0
AvitoTask/internal/usecase/send_coin/mocks/mock_tx.go:173.2,175.13 3 0
AvitoTask/internal/usecase/send_coin/mocks/mock_tx.go:179.98,183.2 3 0
AvitoTask/internal/usecase/send_coin/mocks/mock_tx.go:186.55,191.2 4 0
AvitoTask/internal/usecase/send_coin/mocks/mock_tx.go:194.71,197.2 2 0
AvitoTask/internal/usecase/send_coin/mocks/mock_tx.go:200.84,205.2 4 0
AvitoTask/internal/usecase/send_coin/mocks/mock_tx.go:208.78,211.2 2 0
AvitoTask/internal/usecase/buy_item/usecase.go:19.47,24.2 1 1
AvitoTask/internal/usecase/buy_item/usecase.go:26.100,28.16 2 1
AvitoTask/internal/usecase/buy_item/usecase.go:28.16,30.3 1 1
AvitoTask/internal/usecase/buy_item/usecase.go:32.2,32.15 1 1
AvitoTask/internal/usecase/buy_item/usecase.go:32.15,33.17 1 1
AvitoTask/internal/usecase/buy_item/usecase.go:33.17,35.4 1 1
AvitoTask/internal/usecase/buy_item/usecase.go:35.9,37.4 1 1
AvitoTask/internal/usecase/buy_item/usecase.go:40.2,41.16 2 1
AvitoTask/internal/usecase/buy_item/usecase.go:41.16,43.3 1 1
AvitoTask/internal/usecase/buy_item/usecase.go:45.2,45.25 1 1
AvitoTask/internal/usecase/buy_item/usecase.go:45.25,48.3 2 1
AvitoTask/internal/usecase/buy_item/usecase.go:50.2,51.77 2 1
AvitoTask/internal/usecase/buy_item/usecase.go:51.77,53.3 1 1
AvitoTask/internal/usecase/buy_item/usecase.go:55.2,56.16 2 1
AvitoTask/internal/usecase/buy_item/usecase.go:56.16,57.36 1 1
AvitoTask/internal/usecase/buy_item/usecase.go:57.36,58.118 1 1
AvitoTask/internal/usecase/buy_item/usecase.go:58.118,61.5 2 1
AvitoTask/internal/usecase/buy_item/usecase.go:62.9,64.4 1 1
AvitoTask/internal/usecase/buy_item/usecase.go:67.2,68.95 2 1
AvitoTask/internal/usecase/buy_item/usecase.go:68.95,70.3 1 1
AvitoTask/internal/usecase/buy_item/usecase.go:72.2,72.12 1 1
AvitoTask/internal/usecase/buy_item/mocks/mock.go:28.53,32.2 3 1
AvitoTask/internal/usecase/buy_item/mocks/mock.go:35.51,37.2 1 1
AvitoTask/internal/usecase/buy_item/mocks/mock.go:40.65,46.2 5 1
AvitoTask/internal/usecase/buy_item/mocks/mock.go:49.71,52.2 2 1
AvitoTask/internal/usecase/buy_item/mocks/mock.go:55.100,61.2 5 0
AvitoTask/internal/usecase/buy_item/mocks/mock.go:64.87,67.2 2 0
AvitoTask/internal/usecase/buy_item/mocks/mock.go:70.108,76.2 5 0
AvitoTask/internal/usecase/buy_item/mocks/mock.go:79.95,82.2 2 0
AvitoTask/internal/usecase/buy_item/mocks/mock.go:85.95,91.2 5 1
AvitoTask/internal/usecase/buy_item/mocks/mock.go:94.88,97.2 2 1
AvitoTask/internal/usecase/buy_item/mocks/mock.go:100.86,106.2 5 0
AvitoTask/internal/usecase/buy_item/mocks/mock.go:109.82,112.2 2 0
AvitoTask/internal/usecase/buy_item/mocks/mock.go:115.105,120.2 4 1
AvitoTask/internal/usecase/buy_item/mocks/mock.go:123.101,126.2 2 1
AvitoTask/internal/usecase/buy_item/mocks/mock.go:140.63,144.2 3 1
AvitoTask/internal/usecase/buy_item/mocks/mock.go:147.61,149.2 1 1
AvitoTask/internal/usecase/buy_item/mocks/mock.go:152.114,158.2 5 1
AvitoTask/internal/usecase/buy_item/mocks/mock.go:161.107,164.2 2 1
AvitoTask/internal/usecase/buy_item/mocks/mock.go:167.112,172.2 4 1
AvitoTask/internal/usecase/buy_item/mocks/mock.go:175.114,178.2 2 1
AvitoTask/internal/usecase/buy_item/mocks/mock.go:181.127,186.2 4 1
AvitoTask/internal/usecase/buy_item/mocks/mock.go:189.123,192.2 2 1
AvitoTask/internal/usecase/buy_item/mocks/mock_tx.go:28.49,32.2 3 1
AvitoTask/internal/usecase/buy_item/mocks/mock_tx.go:35.47,37.2 1 1
AvitoTask/internal/usecase/buy_item/mocks/mock_tx.go:40.62,46.2 5 0
AvitoTask/internal/usecase/buy_item/mocks/mock_tx.go:49.68,52.2 2 0
AvitoTask/internal/usecase/buy_item/mocks/mock_tx.go:55.53,60.2 4 1
AvitoTask/internal/usecase/buy_item/mocks/mock_tx.go:63.69,66.2 2 1
AvitoTask/internal/usecase/buy_item/mocks/mock_tx.go:69.35,74.2 4 0
AvitoTask/internal/usecase/buy_item/mocks/mock_tx.go:77.51,80.2 2 0
AvitoTask/internal/usecase/buy_item/mocks/mock_tx.go:83.125,89.2 5 0
AvitoTask/internal/usecase/buy_item/mocks/mock_tx.go:92.89,95.2 2 0
AvitoTask/internal/usecase/buy_item/mocks/mock_tx.go:98.106,101.25 3 0
AvitoTask/internal/usecase/buy_item/mocks/mock_tx.go:101.25,103.3 1 0
AvitoTask/internal/usecase/buy_item/mocks/mock_tx.go:104.2,107.19 4 0
AvitoTask/internal/usecase/buy_item/mocks/mock_tx.go:111.94,115.2 3 0
AvitoTask/internal/usecase/buy_item/mocks/mock_tx.go:118.50,123.2 4 0
AvitoTask/internal/usecase/buy_item/mocks/mock_tx.go:126.59,129.2 2 0
AvitoTask/internal/usecase/buy_item/mocks/mock_tx.go:132.105,138.2 5 0
AvitoTask/internal/usecase/buy_item/mocks/mock_tx.go:141.82,144.2 2 0
AvitoTask/internal/usecase/buy_item/mocks/mock_tx.go:147.98,150.25 3 0
AvitoTask/internal/usecase/buy_item/mocks/mock_tx.go:150.25,152.3 1 0
AvitoTask/internal/usecase/buy_item/mocks/mock_tx.go:153.2,156.19 4 0
AvitoTask/internal/usecase/buy_item/mocks/mock_tx.go:160.95,164.2 3 0
AvitoTask/internal/usecase/buy_item/mocks/mock_tx.go:167.91,170.25 3 0
AvitoTask/internal/usecase/buy_item/mocks/mock_tx.go:170.25,172.3 1 0
AvitoTask/internal/usecase/buy_item/mocks/mock_tx.go:173.2,175.13 3 0
AvitoTask/internal/usecase/buy_item/mocks/mock_tx.go:179.98,183.2 3 0
AvitoTask/internal/usecase/buy_item/mocks/mock_tx.go:186.55,191.2 4 1
AvitoTask/internal/usecase/buy_item/mocks/mock_tx.go:194.71,197.2 2 1
AvitoTask/internal/usecase/buy_item/mocks/mock_tx.go:200.84,205.2 4 0
AvitoTask/internal/usecase/buy_item/mocks/mock_tx.go:208.78,211.2 2 0
AvitoTask/internal/repository/inventory/inventory.go:18.52,20.2 1 1
AvitoTask/internal/repository/inventory/inventory.go:22.67,24.2 1 0
AvitoTask/internal/repository/inventory/inventory.go:26.111,33.16 4 1
AvitoTask/internal/repository/inventory/inventory.go:33.16,35.3 1 1
AvitoTask/internal/repository/inventory/inventory.go:36.2,36.22 1 1
AvitoTask/internal/repository/inventory/inventory.go:39.109,45.16 3 1
AvitoTask/internal/repository/inventory/inventory.go:45.16,47.3 1 1
AvitoTask/internal/repository/inventory/inventory.go:48.2,48.12 1 1
AvitoTask/internal/repository/inventory/inventory.go:51.124,58.16 3 1
AvitoTask/internal/repository/inventory/inventory.go:58.16,60.3 1 1
AvitoTask/internal/repository/inventory/inventory.go:61.2,61.12 1 1
AvitoTask/internal/repository/inventory/inventory.go:64.118,71.35 3 1
AvitoTask/internal/repository/inventory/inventory.go:71.35,73.3 1 0
AvitoTask/internal/repository/inventory/inventory.go:74.2,74.16 1 1
AvitoTask/internal/repository/inventory/inventory.go:74.16,76.3 1 1
AvitoTask/internal/repository/inventory/inventory.go:77.2,80.18 3 1
AvitoTask/internal/repository/inventory/inventory.go:80.18,82.63 2 1
AvitoTask/internal/repository/inventory/inventory.go:82.63,84.4 1 1
AvitoTask/internal/repository/inventory/inventory.go:85.3,85.30 1 1
AvitoTask/internal/repository/inventory/inventory.go:88.2,88.35 1 1
AvitoTask/internal/repository/inventory/inventory.go:88.35,90.3 1 1
AvitoTask/internal/repository/inventory/inventory.go:92.2,92.20 1 1
AvitoTask/internal/repository/auth/auth.go:21.43,23.2 1 1
AvitoTask/internal/repository/auth/auth.go:25.88,29.16 4 1
AvitoTask/internal/repository/auth/auth.go:29.16,31.3 1 1
AvitoTask/internal/repository/auth/auth.go:32.2,32.23 1 1
AvitoTask/internal/repository/auth/auth.go:35.93,41.16 5 1
AvitoTask/internal/repository/auth/auth.go:41.16,43.3 1 1
AvitoTask/internal/repository/auth/auth.go:45.2,45.20 1 1
AvitoTask/internal/repository/auth/auth.go:48.110,54.16 5 0
AvitoTask/internal/repository/auth/auth.go:54.16,56.3 1 0
AvitoTask/internal/repository/auth/auth.go:58.2,58.20 1 0
AvitoTask/internal/repository/auth/auth.go:61.88,69.16 4 1
AvitoTask/internal/repository/auth/auth.go:69.16,71.3 1 1
AvitoTask/internal/repository/auth/auth.go:73.2,73.20 1 1
AvitoTask/internal/repository/auth/auth.go:76.67,78.2 1 1
AvitoTask/internal/repository/auth/auth.go:80.102,93.35 4 1
AvitoTask/internal/repository/auth/auth.go:93.35,95.3 1 1
AvitoTask/internal/repository/auth/auth.go:96.2,96.16 1 1
AvitoTask/internal/repository/auth/auth.go:96.16,98.3 1 1
AvitoTask/internal/repository/auth/auth.go:100.2,100.18 1 1
AvitoTask/internal/repository/auth/auth.go:103.107,109.16 3 1
AvitoTask/internal/repository/auth/auth.go:109.16,111.3 1 1
AvitoTask/internal/repository/auth/auth.go:113.2,113.12 1 1
AvitoTask/internal/repository/auth/auth.go:116.97,120.16 4 1
AvitoTask/internal/repository/auth/auth.go:120.16,122.3 1 1
AvitoTask/internal/repository/auth/auth.go:123.2,123.19 1 1
AvitoTask/internal/repository/auth/mocks/mock.go:27.53,31.2 3 1
AvitoTask/internal/repository/auth/mocks/mock.go:34.51,36.2 1 1
AvitoTask/internal/repository/auth/mocks/mock.go:39.63,45.2 5 0
AvitoTask/internal/repository/auth/mocks/mock.go:48.69,51.2 2 0
AvitoTask/internal/repository/auth/mocks/mock.go:54.83,57.25 3 1
AvitoTask/internal/repository/auth/mocks/mock.go:57.25,59.3 1 1
AvitoTask/internal/repository/auth/mocks/mock.go:60.2,62.13 3 1
AvitoTask/internal/repository/auth/mocks/mock.go:66.98,70.2 3 1
AvitoTask/internal/repository/auth/mocks/mock_tx.go:28.49,32.2 3 0
AvitoTask/internal/repository/auth/mocks/mock_tx.go:35.47,37.2 1 0
AvitoTask/internal/repository/auth/mocks/mock_tx.go:40.62,46.2 5 0
AvitoTask/internal/repository/auth/mocks/mock_tx.go:49.68,52.2 2 0
AvitoTask/internal/repository/auth/mocks/mock_tx.go:55.53,60.2 4 0
AvitoTask/internal/repository/auth/mocks/mock_tx.go:63.69,66.2 2 0
AvitoTask/internal/repository/auth/mocks/mock_tx.go:69.35,74.2 4 0
AvitoTask/internal/repository/auth/mocks/mock_tx.go:77.51,80.2 2 0
AvitoTask/internal/repository/auth/mocks/mock_tx.go:83.125,89.2 5 0
AvitoTask/internal/repository/auth/mocks/mock_tx.go:92.89,95.2 2 0
AvitoTask/internal/repository/auth/mocks/mock_tx.go:98.106,101.25 3 0
AvitoTask/internal/repository/auth/mocks/mock_tx.go:101.25,103.3 1 0
AvitoTask/internal/repository/auth/mocks/mock_tx.go:104.2,107.19 4 0
AvitoTask/internal/repository/auth/mocks/mock_tx.go:111.94,115.2 3 0
AvitoTask/internal/repository/auth/mocks/mock_tx.go:118.50,123.2 4 0
AvitoTask/internal/repository/auth/mocks/mock_tx.go:126.59,129.2 2 0
AvitoTask/internal/repository/auth/mocks/mock_tx.go:132.105,138.2 5 0
AvitoTask/internal/repository/auth/mocks/mock_tx.go:141.82,144.2 2 0
AvitoTask/internal/repository/auth/mocks/mock_tx.go:147.98,150.25 3 0
AvitoTask/internal/repository/auth/mocks/mock_tx.go:150.25,152.3 1 0
AvitoTask/internal/repository/auth/mocks/mock_tx.go:153.2,156.19 4 0
AvitoTask/internal/repository/auth/mocks/mock_tx.go:160.95,164.2 3 0
AvitoTask/internal/repository/auth/mocks/mock_tx.go:167.91,170.25 3 0
AvitoTask/internal/repository/auth/mocks/mock_tx.go:170.25,172.3 1 0
AvitoTask/internal/repository/auth/mocks/mock_tx.go:173.2,175.13 3 0
AvitoTask/internal/repository/auth/mocks/mock_tx.go:179.98,183.2 3 0
AvitoTask/internal/repository/auth/mocks/mock_tx.go:186.55,191.2 4 0
AvitoTask/internal/repository/auth/mocks/mock_tx.go:194.71,197.2 2 0
AvitoTask/internal/repository/auth/mocks/mock_tx.go:200.84,205.2 4 0
AvitoTask/internal/repository/auth/mocks/mock_tx.go:208.78,211.2 2 0
AvitoTask/internal/usecase/auth/usecase.go:20.33,26.2 1 1
AvitoTask/internal/usecase/auth/usecase.go:28.86,30.16 2 1
AvitoTask/internal/usecase/auth/usecase.go:30.16,32.3 1 1
AvitoTask/internal/usecase/auth/usecase.go:34.2,34.14 1 1
AvitoTask/internal/usecase/auth/usecase.go:34.14,36.17 2 1
AvitoTask/internal/usecase/auth/usecase.go:36.17,38.4 1 1
AvitoTask/internal/usecase/auth/usecase.go:40.3,41.17 2 1
AvitoTask/internal/usecase/auth/usecase.go:41.17,43.4 1 1
AvitoTask/internal/usecase/auth/usecase.go:45.3,45.24 1 1
AvitoTask/internal/usecase/auth/usecase.go:48.2,49.16 2 1
AvitoTask/internal/usecase/auth/usecase.go:49.16,51.3 1 1
AvitoTask/internal/usecase/auth/usecase.go:53.2,56.16 3 1
AvitoTask/internal/usecase/auth/usecase.go:56.16,58.3 1 1
AvitoTask/internal/usecase/auth/usecase.go:60.2,60.20 1 1
AvitoTask/internal/usecase/auth/mocks/mock.go:27.57,31.2 3 1
AvitoTask/internal/usecase/auth/mocks/mock.go:34.55,36.2 1 1
AvitoTask/internal/usecase/auth/mocks/mock.go:39.93,45.2 5 1
AvitoTask/internal/usecase/auth/mocks/mock.go:48.87,51.2 2 1
AvitoTask/internal/usecase/auth/mocks/mock.go:54.88,60.2 5 1
AvitoTask/internal/usecase/auth/mocks/mock.go:63.82,66.2 2 1
AvitoTask/internal/usecase/auth/mocks/mock.go:69.88,75.2 5 1
AvitoTask/internal/usecase/auth/mocks/mock.go:78.84,81.2 2 1
AvitoTask/internal/usecase/info/usecase.go:19.65,26.2 1 1
AvitoTask/internal/usecase/info/usecase.go:28.118,31.16 3 1
AvitoTask/internal/usecase/info/usecase.go:31.16,33.3 1 1
AvitoTask/internal/usecase/info/usecase.go:35.2,35.15 1 1
AvitoTask/internal/usecase/info/usecase.go:35.15,36.17 1 1
AvitoTask/internal/usecase/info/usecase.go:36.17,38.4 1 1
AvitoTask/internal/usecase/info/usecase.go:38.9,40.4 1 1
AvitoTask/internal/usecase/info/usecase.go:43.2,44.16 2 1
AvitoTask/internal/usecase/info/usecase.go:44.16,46.3 1 1
AvitoTask/internal/usecase/info/usecase.go:47.2,50.16 3 1
AvitoTask/internal/usecase/info/usecase.go:50.16,52.3 1 1
AvitoTask/internal/usecase/info/usecase.go:53.2,53.27 1 1
AvitoTask/internal/usecase/info/usecase.go:53.27,58.3 1 1
AvitoTask/internal/usecase/info/usecase.go:60.2,61.16 2 1
AvitoTask/internal/usecase/info/usecase.go:61.16,63.3 1 1
AvitoTask/internal/usecase/info/usecase.go:64.2,64.24 1 1
AvitoTask/internal/usecase/info/usecase.go:64.24,72.3 1 1
AvitoTask/internal/usecase/info/usecase.go:74.2,74.36 1 1
AvitoTask/internal/usecase/info/mocks/mock.go:28.53,32.2 3 1
AvitoTask/internal/usecase/info/mocks/mock.go:35.51,37.2 1 1
AvitoTask/internal/usecase/info/mocks/mock.go:40.100,46.2 5 1
AvitoTask/internal/usecase/info/mocks/mock.go:49.87,52.2 2 1
AvitoTask/internal/usecase/info/mocks/mock.go:55.95,61.2 5 0
AvitoTask/internal/usecase/info/mocks/mock.go:64.88,67.2 2 0
AvitoTask/internal/usecase/info/mocks/mock.go:81.63,85.2 3 1
AvitoTask/internal/usecase/info/mocks/mock.go:88.61,90.2 1 1
AvitoTask/internal/usecase/info/mocks/mock.go:93.70,99.2 5 0
AvitoTask/internal/usecase/info/mocks/mock.go:102.76,105.2 2 0
AvitoTask/internal/usecase/info/mocks/mock.go:108.114,114.2 5 0
AvitoTask/internal/usecase/info/mocks/mock.go:117.107,120.2 2 0
AvitoTask/internal/usecase/info/mocks/mock.go:123.121,129.2 5 1
AvitoTask/internal/usecase/info/mocks/mock.go:132.97,135.2 2 1
AvitoTask/internal/usecase/info/mocks/mock.go:149.67,153.2 3 1
AvitoTask/internal/usecase/info/mocks/mock.go:156.65,158.2 1 1
AvitoTask/internal/usecase/info/mocks/mock.go:161.128,167.2 5 1
AvitoTask/internal/usecase/info/mocks/mock.go:170.102,173.2 2 1
AvitoTask/internal/usecase/info/mocks/mock_tx.go:28.49,32.2 3 1
AvitoTask/internal/usecase/info/mocks/mock_tx.go:35.47,37.2 1 1
AvitoTask/internal/usecase/info/mocks/mock_tx.go:40.62,46.2 5 0
AvitoTask/internal/usecase/info/mocks/mock_tx.go:49.68,52.2 2 0
AvitoTask/internal/usecase/info/mocks/mock_tx.go:55.53,60.2 4 1
AvitoTask/internal/usecase/info/mocks/mock_tx.go:63.69,66.2 2 1
AvitoTask/internal/usecase/info/mocks/mock_tx.go:69.35,74.2 4 0
AvitoTask/internal/usecase/info/mocks/mock_tx.go:77.51,80.2 2 0
AvitoTask/internal/usecase/info/mocks/mock_tx.go:83.125,89.2 5 0
AvitoTask/internal/usecase/info/mocks/mock_tx.go:92.89,95.2 2 0
AvitoTask/internal/usecase/info/mocks/mock_tx.go:98.106,101.25 3 0
AvitoTask/internal/usecase/info/mocks/mock_tx.go:101.25,103.3 1 0
AvitoTask/internal/usecase/info/mocks/mock_tx.go:104.2,107.19 4 0
AvitoTask/internal/usecase/info/mocks/mock_tx.go:111.94,115.2 3 0
AvitoTask/internal/usecase/info/mocks/mock_tx.go:118.50,123.2 4 0
AvitoTask/internal/usecase/info/mocks/mock_tx.go:126.59,129.2 2 0
AvitoTask/internal/usecase/info/mocks/mock_tx.go:132.105,138.2 5 0
AvitoTask/internal/usecase/info/mocks/mock_tx.go:141.82,144.2 2 0
AvitoTask/internal/usecase/info/mocks/mock_tx.go:147.98,150.25 3 0
AvitoTask/internal/usecase/info/mocks/mock_tx.go:150.25,152.3 1 0
AvitoTask/internal/usecase/info/mocks/mock_tx.go:153.2,156.19 4 0
AvitoTask/internal/usecase/info/mocks/mock_tx.go:160.95,164.2 3 0
AvitoTask/internal/usecase/info/mocks/mock_tx.go:167.91,170.25 3 0
AvitoTask/internal/usecase/info/mocks/mock_tx.go:170.25,172.3 1 0
AvitoTask/internal/usecase/info/mocks/mock_tx.go:173.2,175.13 3 0
AvitoTask/internal/usecase/info/mocks/mock_tx.go:179.98,183.2 3 0
AvitoTask/internal/usecase/info/mocks/mock_tx.go:186.55,191.2 4 1
AvitoTask/internal/usecase/info/mocks/mock_tx.go:194.71,197.2 2 1
AvitoTask/internal/usecase/info/mocks/mock_tx.go:200.84,205.2 4 0
AvitoTask/internal/usecase/info/mocks/mock_tx.go:208.78,211.2 2 0
AvitoTask/internal/usecase/send_coin/usecase.go:21.70,26.2 1 1
AvitoTask/internal/usecase/send_coin/usecase.go:28.100,30.16 2 1
AvitoTask/internal/usecase/send_coin/usecase.go:30.16,32.3 1 1
AvitoTask/internal/usecase/send_coin/usecase.go:34.2,34.15 1 1
AvitoTask/internal/usecase/send_coin/usecase.go:34.15,35.17 1 1
AvitoTask/internal/usecase/send_coin/usecase.go:35.17,37.4 1 1
AvitoTask/internal/usecase/send_coin/usecase.go:37.9,39.4 1 1
AvitoTask/internal/usecase/send_coin/usecase.go:42.2,43.16 2 1
AvitoTask/internal/usecase/send_coin/usecase.go:43.16,45.3 1 1
AvitoTask/internal/usecase/send_coin/usecase.go:47.2,47.33 1 1
AvitoTask/internal/usecase/send_coin/usecase.go:47.33,49.3 1 1
AvitoTask/internal/usecase/send_coin/usecase.go:51.2,52.16 2 1
AvitoTask/internal/usecase/send_coin/usecase.go:52.16,54.3 1 1
AvitoTask/internal/usecase/send_coin/usecase.go:56.2,56.29 1 1
AvitoTask/internal/usecase/send_coin/usecase.go:56.29,59.3 2 1
AvitoTask/internal/usecase/send_coin/usecase.go:61.2,64.86 3 1
AvitoTask/internal/usecase/send_coin/usecase.go:64.86,66.3 1 1
AvitoTask/internal/usecase/send_coin/usecase.go:67.2,67.82 1 1
AvitoTask/internal/usecase/send_coin/usecase.go:67.82,69.3 1 1
AvitoTask/internal/usecase/send_coin/usecase.go:71.2,71.121 1 1
AvitoTask/internal/usecase/send_coin/usecase.go:71.121,73.3 1 1
AvitoTask/internal/usecase/send_coin/usecase.go:75.2,75.12 1 1
AvitoTask/internal/usecase/send_coin/mocks/mock.go:28.53,32.2 3 1
AvitoTask/internal/usecase/send_coin/mocks/mock.go:35.51,37.2 1 1
AvitoTask/internal/usecase/send_coin/mocks/mock.go:40.65,46.2 5 1
AvitoTask/internal/usecase/send_coin/mocks/mock.go:49.71,52.2 2 1
AvitoTask/internal/usecase/send_coin/mocks/mock.go:55.100,61.2 5 1
AvitoTask/internal/usecase/send_coin/mocks/mock.go:64.87,67.2 2 1
AvitoTask/internal/usecase/send_coin/mocks/mock.go:70.108,76.2 5 1
AvitoTask/internal/usecase/send_coin/mocks/mock.go:79.95,82.2 2 1
AvitoTask/internal/usecase/send_coin/mocks/mock.go:85.86,91.2 5 0
AvitoTask/internal/usecase/send_coin/mocks/mock.go:94.82,97.2 2 0
AvitoTask/internal/usecase/send_coin/mocks/mock.go:100.105,105.2 4 1
AvitoTask/internal/usecase/send_coin/mocks/mock.go:108.101,111.2 2 1
AvitoTask/internal/usecase/send_coin/mocks/mock.go:125.67,129.2 3 1
AvitoTask/internal/usecase/send_coin/mocks/mock.go:132.65,134.2 1 1
AvitoTask/internal/usecase/send_coin/mocks/mock.go:137.130,142.2 4 1
AvitoTask/internal/usecase/send_coin/mocks/mock.go:145.126,148.2 2 1
AvitoTask/internal/usecase/send_coin/mocks/mock_tx.go:28.49,32.2 3 1
AvitoTask/internal/usecase/send_coin/mocks/mock_tx.go:35.47,37.2 1 1
AvitoTask/internal/usecase/send_coin/mocks/mock_tx.go:40.62,46.2 5 0
AvitoTask/internal/usecase/send_coin/mocks/mock_tx.go:49.68,52.2 2 0
AvitoTask/internal/usecase/send_coin/mocks/mock_tx.go:55.53,60.2 4 1
AvitoTask/internal/usecase/send_coin/mocks/mock_tx.go:63.69,66.2 2 1
AvitoTask/internal/usecase/send_coin/mocks/mock_tx.go:69.35,74.2 4 0
AvitoTask/internal/usecase/send_coin/mocks/mock_tx.go:77.51,80.2 2 0
AvitoTask/internal/usecase/send_coin/mocks/mock_tx.go:83.125,89.2 5 0
AvitoTask/internal/usecase/send_coin/mocks/mock_tx.go:92.89,95.2 2 0
AvitoTask/internal/usecase/send_coin/mocks/mock_tx.go:98.106,101.25 3 0
AvitoTask/internal/usecase/send_coin/mocks/mock_tx.go:101.25,103.3 1 0
AvitoTask/internal/usecase/send_coin/mocks/mock_tx.go:104.2,107.19 4 0
AvitoTask/internal/usecase/send_coin/mocks/mock_tx.go:111.94,115.2 3 0
AvitoTask/internal/usecase/send_coin/mocks/mock_tx.go:118.50,123.2 4 0
AvitoTask/internal/usecase/send_coin/mocks/mock_tx.go:126.59,129.2 2 0
AvitoTask/internal/usecase/send_coin/mocks/mock_tx.go:132.105,138.2 5 0
AvitoTask/internal/usecase/send_coin/mocks/mock_tx.go:141.82,144.2 2 0
AvitoTask/internal/usecase/send_coin/mocks/mock_tx.go:147.98,150.25 3 0
AvitoTask/internal/usecase/send_coin/mocks/mock_tx.go:150.25,152.3 1 0
AvitoTask/internal/usecase/send_coin/mocks/mock_tx.go:153.2,156.19 4 0
AvitoTask/internal/usecase/send_coin/mocks/mock_tx.go:160.95,164.2 3 0
AvitoTask/internal/usecase/send_coin/mocks/mock_tx.go:167.91,170.25 3 0
AvitoTask/internal/usecase/send_coin/mocks/mock_tx.go:170.25,172.3 1 0
AvitoTask/internal/usecase/send_coin/mocks/mock_tx.go:173.2,175.13 3 0
AvitoTask/internal/usecase/send_coin/mocks/mock_tx.go:179.98,183.2 3 0
AvitoTask/internal/usecase/send_coin/mocks/mock_tx.go:186.55,191.2 4 1
AvitoTask/internal/usecase/send_coin/mocks/mock_tx.go:194.71,197.2 2 1
AvitoTask/internal/usecase/send_coin/mocks/mock_tx.go:200.84,205.2 4 0
AvitoTask/internal/usecase/send_coin/mocks/mock_tx.go:208.78,211.2 2 0
AvitoTask/internal/utils/hash_password.go:9.58,11.16 2 1
AvitoTask/internal/utils/hash_password.go:11.16,13.3 1 0
AvitoTask/internal/utils/hash_password.go:15.2,15.34 1 1
AvitoTask/internal/utils/hash_password.go:18.66,19.86 1 1
AvitoTask/internal/utils/hash_password.go:19.86,21.3 1 1
AvitoTask/internal/utils/hash_password.go:23.2,23.18 1 1
